<?xml version="1.0" encoding="UTF-8"?>
<!-- Generated by org.testng.reporters.JUnitReportReporter -->
<testsuite hostname="ASL-BLR-LT-0014" failures="0" tests="1" name="Test.Demo" time="0.017" errors="0" timestamp="2021-05-25T18:54:26 IST" skipped="0">
  <testcase classname="Test.Demo" name="add" time="0.017"/>
  <system-out/>
</testsuite> <!-- Test.Demo -->
